[12028:6292:0717/010317.222:ERROR:google_update_settings.cc(246)] Failed opening key Software\Google\Update\ClientStateMedium\{8A69D345-D564-463c-AFF1-A69D9E530F96} to set usagestats; result: 5
[12028:520:0717/010323.096:INFO:CONSOLE(30)] "The specified value "!" does not conform to the required format.  The format is "#rrggbb" where rr, gg, bb are two-digit hexadecimal numbers.", source: https://d1ielco78gv5pf.cloudfront.net/assets/libs-d5b1e1b1150fe968c80843780a4af02c03100341b4bbbbe1eeb376603f407d17.js (30)
[12028:520:0717/010323.096:INFO:CONSOLE(30)] "The specified value "!" does not conform to the required format.  The format is "#rrggbb" where rr, gg, bb are two-digit hexadecimal numbers.", source: https://d1ielco78gv5pf.cloudfront.net/assets/libs-d5b1e1b1150fe968c80843780a4af02c03100341b4bbbbe1eeb376603f407d17.js (30)
[12028:520:0717/010323.150:INFO:CONSOLE(30)] "The specified value "!" does not conform to the required format.  The format is "#rrggbb" where rr, gg, bb are two-digit hexadecimal numbers.", source: https://d1ielco78gv5pf.cloudfront.net/assets/libs-d5b1e1b1150fe968c80843780a4af02c03100341b4bbbbe1eeb376603f407d17.js (30)
[12028:520:0717/010323.151:INFO:CONSOLE(30)] "The specified value "!" does not conform to the required format.  The format is "#rrggbb" where rr, gg, bb are two-digit hexadecimal numbers.", source: https://d1ielco78gv5pf.cloudfront.net/assets/libs-d5b1e1b1150fe968c80843780a4af02c03100341b4bbbbe1eeb376603f407d17.js (30)
[12028:520:0717/010323.952:INFO:CONSOLE(0)] "[DOM] Found 2 elements with non-unique id #select-image-acrylic_block: (More info: https://goo.gl/9p2vKq) %o %o", source: https://www.redbubble.com/portfolio/images/new?ref=account-nav-dropdown (0)
[12028:520:0717/010323.952:INFO:CONSOLE(0)] "[DOM] Found 2 elements with non-unique id #select-image-apron: (More info: https://goo.gl/9p2vKq) %o %o", source: https://www.redbubble.com/portfolio/images/new?ref=account-nav-dropdown (0)
[12028:520:0717/010323.952:INFO:CONSOLE(0)] "[DOM] Found 2 elements with non-unique id #select-image-backpack: (More info: https://goo.gl/9p2vKq) %o %o", source: https://www.redbubble.com/portfolio/images/new?ref=account-nav-dropdown (0)
[12028:520:0717/010323.952:INFO:CONSOLE(0)] "[DOM] Found 2 elements with non-unique id #select-image-bath_mat: (More info: https://goo.gl/9p2vKq) %o %o", source: https://www.redbubble.com/portfolio/images/new?ref=account-nav-dropdown (0)
[12028:520:0717/010323.952:INFO:CONSOLE(0)] "[DOM] Found 2 elements with non-unique id #select-image-clock: (More info: https://goo.gl/9p2vKq) %o %o", source: https://www.redbubble.com/portfolio/images/new?ref=account-nav-dropdown (0)
[12028:520:0717/010323.953:INFO:CONSOLE(0)] "[DOM] Found 2 elements with non-unique id #select-image-clothing: (More info: https://goo.gl/9p2vKq) %o %o", source: https://www.redbubble.com/portfolio/images/new?ref=account-nav-dropdown (0)
[12028:520:0717/010323.953:INFO:CONSOLE(0)] "[DOM] Found 2 elements with non-unique id #select-image-cotton_tote_bag: (More info: https://goo.gl/9p2vKq) %o %o", source: https://www.redbubble.com/portfolio/images/new?ref=account-nav-dropdown (0)
[12028:520:0717/010323.953:INFO:CONSOLE(0)] "[DOM] Found 2 elements with non-unique id #select-image-drawstring_bag: (More info: https://goo.gl/9p2vKq) %o %o", source: https://www.redbubble.com/portfolio/images/new?ref=account-nav-dropdown (0)
[12028:520:0717/010323.953:INFO:CONSOLE(0)] "[DOM] Found 2 elements with non-unique id #select-image-duffle_bag: (More info: https://goo.gl/9p2vKq) %o %o", source: https://www.redbubble.com/portfolio/images/new?ref=account-nav-dropdown (0)
[12028:520:0717/010323.953:INFO:CONSOLE(0)] "[DOM] Found 2 elements with non-unique id #select-image-duvet: (More info: https://goo.gl/9p2vKq) %o %o", source: https://www.redbubble.com/portfolio/images/new?ref=account-nav-dropdown (0)
[12028:520:0717/010323.953:INFO:CONSOLE(0)] "[DOM] Found 2 elements with non-unique id #select-image-floor_pillow: (More info: https://goo.gl/9p2vKq) %o %o", source: https://www.redbubble.com/portfolio/images/new?ref=account-nav-dropdown (0)
[12028:520:0717/010323.953:INFO:CONSOLE(0)] "[DOM] Found 2 elements with non-unique id #select-image-gallery_board: (More info: https://goo.gl/9p2vKq) %o %o", source: https://www.redbubble.com/portfolio/images/new?ref=account-nav-dropdown (0)
[12028:520:0717/010323.953:INFO:CONSOLE(0)] "[DOM] Found 2 elements with non-unique id #select-image-hardcover_journal: (More info: https://goo.gl/9p2vKq) %o %o", source: https://www.redbubble.com/portfolio/images/new?ref=account-nav-dropdown (0)
[12028:520:0717/010323.953:INFO:CONSOLE(0)] "[DOM] Found 2 elements with non-unique id #select-image-jigsaw_puzzle: (More info: https://goo.gl/9p2vKq) %o %o", source: https://www.redbubble.com/portfolio/images/new?ref=account-nav-dropdown (0)
[12028:520:0717/010323.953:INFO:CONSOLE(0)] "[DOM] Found 2 elements with non-unique id #select-image-laptop: (More info: https://goo.gl/9p2vKq) %o %o", source: https://www.redbubble.com/portfolio/images/new?ref=account-nav-dropdown (0)
[12028:520:0717/010323.953:INFO:CONSOLE(0)] "[DOM] Found 2 elements with non-unique id #select-image-large_clothing: (More info: https://goo.gl/9p2vKq) %o %o", source: https://www.redbubble.com/portfolio/images/new?ref=account-nav-dropdown (0)
[12028:520:0717/010323.953:INFO:CONSOLE(0)] "[DOM] Found 2 elements with non-unique id #select-image-leggings: (More info: https://goo.gl/9p2vKq) %o %o", source: https://www.redbubble.com/portfolio/images/new?ref=account-nav-dropdown (0)
[12028:520:0717/010323.954:INFO:CONSOLE(0)] "[DOM] Found 2 elements with non-unique id #select-image-mask: (More info: https://goo.gl/9p2vKq) %o %o", source: https://www.redbubble.com/portfolio/images/new?ref=account-nav-dropdown (0)
[12028:520:0717/010323.954:INFO:CONSOLE(0)] "[DOM] Found 2 elements with non-unique id #select-image-mounted_print: (More info: https://goo.gl/9p2vKq) %o %o", source: https://www.redbubble.com/portfolio/images/new?ref=account-nav-dropdown (0)
[12028:520:0717/010323.954:INFO:CONSOLE(0)] "[DOM] Found 2 elements with non-unique id #select-image-mug: (More info: https://goo.gl/9p2vKq) %o %o", source: https://www.redbubble.com/portfolio/images/new?ref=account-nav-dropdown (0)
[12028:520:0717/010323.954:INFO:CONSOLE(0)] "[DOM] Found 2 elements with non-unique id #select-image-panel_clothing: (More info: https://goo.gl/9p2vKq) %o %o", source: https://www.redbubble.com/portfolio/images/new?ref=account-nav-dropdown (0)
[12028:520:0717/010323.954:INFO:CONSOLE(0)] "[DOM] Found 2 elements with non-unique id #select-image-panel_dress: (More info: https://goo.gl/9p2vKq) %o %o", source: https://www.redbubble.com/portfolio/images/new?ref=account-nav-dropdown (0)
[12028:520:0717/010323.954:INFO:CONSOLE(0)] "[DOM] Found 2 elements with non-unique id #select-image-panel_tank: (More info: https://goo.gl/9p2vKq) %o %o", source: https://www.redbubble.com/portfolio/images/new?ref=account-nav-dropdown (0)
[12028:520:0717/010323.954:INFO:CONSOLE(0)] "[DOM] Found 2 elements with non-unique id #select-image-pencil_skirt: (More info: https://goo.gl/9p2vKq) %o %o", source: https://www.redbubble.com/portfolio/images/new?ref=account-nav-dropdown (0)
[12028:520:0717/010323.954:INFO:CONSOLE(0)] "[DOM] Found 2 elements with non-unique id #select-image-phone: (More info: https://goo.gl/9p2vKq) %o %o", source: https://www.redbubble.com/portfolio/images/new?ref=account-nav-dropdown (0)
[12028:520:0717/010323.954:INFO:CONSOLE(0)] "[DOM] Found 2 elements with non-unique id #select-image-phone_wallet: (More info: https://goo.gl/9p2vKq) %o %o", source: https://www.redbubble.com/portfolio/images/new?ref=account-nav-dropdown (0)
[12028:520:0717/010323.954:INFO:CONSOLE(0)] "[DOM] Found 2 elements with non-unique id #select-image-pin_button: (More info: https://goo.gl/9p2vKq) %o %o", source: https://www.redbubble.com/portfolio/images/new?ref=account-nav-dropdown (0)
[12028:520:0717/010323.955:INFO:CONSOLE(0)] "[DOM] Found 2 elements with non-unique id #select-image-print: (More info: https://goo.gl/9p2vKq) %o %o", source: https://www.redbubble.com/portfolio/images/new?ref=account-nav-dropdown (0)
[12028:520:0717/010323.955:INFO:CONSOLE(0)] "[DOM] Found 2 elements with non-unique id #select-image-scarf: (More info: https://goo.gl/9p2vKq) %o %o", source: https://www.redbubble.com/portfolio/images/new?ref=account-nav-dropdown (0)
[12028:520:0717/010323.955:INFO:CONSOLE(0)] "[DOM] Found 2 elements with non-unique id #select-image-socks: (More info: https://goo.gl/9p2vKq) %o %o", source: https://www.redbubble.com/portfolio/images/new?ref=account-nav-dropdown (0)
[12028:520:0717/010323.955:INFO:CONSOLE(0)] "[DOM] Found 2 elements with non-unique id #select-image-spiral_notebook: (More info: https://goo.gl/9p2vKq) %o %o", source: https://www.redbubble.com/portfolio/images/new?ref=account-nav-dropdown (0)
[12028:520:0717/010323.955:INFO:CONSOLE(0)] "[DOM] Found 2 elements with non-unique id #select-image-sticker: (More info: https://goo.gl/9p2vKq) %o %o", source: https://www.redbubble.com/portfolio/images/new?ref=account-nav-dropdown (0)
[12028:520:0717/010323.955:INFO:CONSOLE(0)] "[DOM] Found 2 elements with non-unique id #select-image-tablet: (More info: https://goo.gl/9p2vKq) %o %o", source: https://www.redbubble.com/portfolio/images/new?ref=account-nav-dropdown (0)
[12028:520:0717/010323.955:INFO:CONSOLE(0)] "[DOM] Found 2 elements with non-unique id #select-image-tapestry: (More info: https://goo.gl/9p2vKq) %o %o", source: https://www.redbubble.com/portfolio/images/new?ref=account-nav-dropdown (0)
[12028:520:0717/010323.955:INFO:CONSOLE(0)] "[DOM] Found 2 elements with non-unique id #select-image-throw_pillow: (More info: https://goo.gl/9p2vKq) %o %o", source: https://www.redbubble.com/portfolio/images/new?ref=account-nav-dropdown (0)
[12028:520:0717/010323.955:INFO:CONSOLE(0)] "[DOM] Found 2 elements with non-unique id #select-image-trapeze_dress: (More info: https://goo.gl/9p2vKq) %o %o", source: https://www.redbubble.com/portfolio/images/new?ref=account-nav-dropdown (0)
[12028:520:0717/010323.955:INFO:CONSOLE(0)] "[DOM] Found 2 elements with non-unique id #select-image-travel_mug: (More info: https://goo.gl/9p2vKq) %o %o", source: https://www.redbubble.com/portfolio/images/new?ref=account-nav-dropdown (0)
[12028:520:0717/010323.956:INFO:CONSOLE(0)] "[DOM] Found 2 elements with non-unique id #select-image-water_bottle: (More info: https://goo.gl/9p2vKq) %o %o", source: https://www.redbubble.com/portfolio/images/new?ref=account-nav-dropdown (0)
[12028:520:0717/010323.956:INFO:CONSOLE(0)] "[DOM] Found 2 elements with non-unique id #select-image-womens_panel_clothing: (More info: https://goo.gl/9p2vKq) %o %o", source: https://www.redbubble.com/portfolio/images/new?ref=account-nav-dropdown (0)
[12028:520:0717/010323.956:INFO:CONSOLE(0)] "[DOM] Found 2 elements with non-unique id #style: (More info: https://goo.gl/9p2vKq) %o %o", source: https://www.redbubble.com/portfolio/images/new?ref=account-nav-dropdown (0)
[12028:520:0717/010324.009:INFO:CONSOLE(0)] "Access to XMLHttpRequest at 'https://rb-typeahead.appspot.com/term/typeahead-warmup' from origin 'https://www.redbubble.com' has been blocked by CORS policy: No 'Access-Control-Allow-Origin' header is present on the requested resource.", source: https://www.redbubble.com/portfolio/images/new?ref=account-nav-dropdown (0)
[12028:520:0717/010324.034:INFO:CONSOLE(59)] "%cUnhandled rejection SuperagentPromiseError: Request has been terminated
Possible causes: the network is offline, Origin is not allowed by Access-Control-Allow-Origin, the page is being unloaded, etc.
    at https://d1ielco78gv5pf.cloudfront.net/assets/webpack/search_box-dad7285cb7d7e49fb86e66e2e16939cf88309112ab74d9088ced984259b190ec.js:22:8119
    at s.callback (https://d1ielco78gv5pf.cloudfront.net/assets/webpack/search_box-dad7285cb7d7e49fb86e66e2e16939cf88309112ab74d9088ced984259b190ec.js:25:5028)
    at s.crossDomainError (https://d1ielco78gv5pf.cloudfront.net/assets/webpack/search_box-dad7285cb7d7e49fb86e66e2e16939cf88309112ab74d9088ced984259b190ec.js:25:5333)
    at XMLHttpRequest.t.onreadystatechange (https://d1ielco78gv5pf.cloudfront.net/assets/webpack/search_box-dad7285cb7d7e49fb86e66e2e16939cf88309112ab74d9088ced984259b190ec.js:25:6706)
Caused by:  Error: Request has been terminated
Possible causes: the network is offline, Origin is not allowed by Access-Control-Allow-Origin, the page is being unloaded, etc.
    at s.crossDomainError (https://d1ielco78gv5pf.cloudfront.net/assets/webpack/search_box-dad7285cb7d7e49fb86e66e2e16939cf88309112ab74d9088ced984259b190ec.js:25:5084)
    at XMLHttpRequest.t.onreadystatechange (https://d1ielco78gv5pf.cloudfront.net/assets/webpack/search_box-dad7285cb7d7e49fb86e66e2e16939cf88309112ab74d9088ced984259b190ec.js:25:6706) color: red", source: https://www.redbubble.com/portfolio/images/new?ref=account-nav-dropdown (59)
[12028:520:0717/010324.469:INFO:CONSOLE(63)] "Failed to execute 'write' on 'Document': It isn't possible to write into a document from an asynchronously-loaded external script unless it is explicitly opened.", source: https://www.googleadservices.com/pagead/conversion.js (63)
[12028:520:0717/010325.215:INFO:CONSOLE(0)] "A cookie associated with a cross-site resource at http://yahoo.com/ was set without the `SameSite` attribute. A future release of Chrome will only deliver cookies with cross-site requests if they are set with `SameSite=None` and `Secure`. You can review cookies in developer tools under Application>Storage>Cookies and see more details at https://www.chromestatus.com/feature/5088147346030592 and https://www.chromestatus.com/feature/5633521622188032.", source: https://www.redbubble.com/portfolio/images/new?ref=account-nav-dropdown (0)
[12028:520:0717/010325.283:INFO:CONSOLE(59)] "Pinterest Tag Error: 'load' command was called multiple times.  Previously for tag id '%s', now for tag id '%s'. 2619914275841 2619914275841", source: https://www.redbubble.com/portfolio/images/new?ref=account-nav-dropdown (59)
[12028:520:0717/010327.663:ERROR:device_event_log_impl.cc(208)] [01:03:27.663] Bluetooth: bluetooth_adapter_winrt.cc:1060 Getting Default Adapter failed.
[12028:520:0717/010331.957:INFO:CONSOLE(0)] "Blocked attempt to show a 'beforeunload' confirmation panel for a frame that never had a user gesture since its load. https://www.chromestatus.com/feature/5082396709879808", source: https://www.redbubble.com/portfolio/images/new?ref=account-nav-dropdown (0)
[12028:520:0717/010331.959:INFO:CONSOLE(59)] "Heartbeat stopped", source: https://www.redbubble.com/portfolio/images/new?ref=account-nav-dropdown (59)
[12028:520:0717/010331.960:INFO:CONSOLE(59)] "Heartbeat stopped", source: https://www.redbubble.com/portfolio/images/new?ref=account-nav-dropdown (59)
[12028:520:0717/010332.028:WARNING:pref_notifier_impl.cc(40)] Pref observer for media_router.cast_allow_all_ips found at shutdown.
